\BOOKMARK [0][-]{chapter.1}{Polynomials}{}% 1
\BOOKMARK [1][-]{section.1.1}{Algebras}{chapter.1}% 2
\BOOKMARK [1][-]{section.1.2}{Polynomial\040Space}{chapter.1}% 3
\BOOKMARK [1][-]{section.1.3}{Lagrange\040Interpolation}{chapter.1}% 4
\BOOKMARK [1][-]{section.1.4}{Polynomial\040Ideals}{chapter.1}% 5
\BOOKMARK [0][-]{chapter.2}{Elementary\040Canonical\040Forms}{}% 6
\BOOKMARK [1][-]{section.2.1}{Annihilating\040Polynomials}{chapter.2}% 7
\BOOKMARK [1][-]{section.2.2}{Characteristic\040Polynomial\040and\040Cayley-Hamilton\040Theorem}{chapter.2}% 8
\BOOKMARK [1][-]{section.2.3}{Triangulation\040and\040Diagonalization}{chapter.2}% 9
\BOOKMARK [1][-]{section.2.4}{Direct\040Sum\040Decompositions}{chapter.2}% 10
\BOOKMARK [1][-]{section.2.5}{Invariant\040Direct\040Sum}{chapter.2}% 11
\BOOKMARK [1][-]{section.2.6}{Primary\040Decomposition\040Theorem}{chapter.2}% 12
\BOOKMARK [0][-]{chapter.3}{The\040Rational\040and\040Jordan\040Form}{}% 13
\BOOKMARK [1][-]{section.3.1}{Cyclic\040Subspaces\040and\040Annihilators}{chapter.3}% 14
\BOOKMARK [1][-]{section.3.2}{Cyclic\040Decomposition\040and\040the\040Rational\040Form}{chapter.3}% 15
\BOOKMARK [1][-]{section.3.3}{Jordan\040Form}{chapter.3}% 16
\BOOKMARK [0][-]{chapter.4}{Bilinear\040Form}{}% 17
\BOOKMARK [1][-]{section.4.1}{Bilinear\040Forms}{chapter.4}% 18
\BOOKMARK [1][-]{section.4.2}{Symmetric\040Bilienar\040Form}{chapter.4}% 19
\BOOKMARK [1][-]{section.4.3}{Skew-Symmetric\040Bilinear\040Form}{chapter.4}% 20
\BOOKMARK [1][-]{section.4.4}{Groups\040Preserving\040Bilnear\040Forms}{chapter.4}% 21
\BOOKMARK [0][-]{chapter.5}{Inner\040Product\040Spaces}{}% 22
\BOOKMARK [1][-]{section.5.1}{Inner\040Products}{chapter.5}% 23
\BOOKMARK [1][-]{section.5.2}{Inner\040Product\040Spaces}{chapter.5}% 24
\BOOKMARK [1][-]{section.5.3}{Linear\040Functionals\040and\040Adjoints}{chapter.5}% 25
\BOOKMARK [1][-]{section.5.4}{Unitary\040Operators}{chapter.5}% 26
