\BOOKMARK [0][-]{chapter.1}{Vector\040Spaces}{}% 1
\BOOKMARK [1][-]{section.1.1}{Vector\040Spaces}{chapter.1}% 2
\BOOKMARK [1][-]{section.1.2}{Subspaces}{chapter.1}% 3
\BOOKMARK [1][-]{section.1.3}{Linear\040Combinations\040and\040Span}{chapter.1}% 4
\BOOKMARK [1][-]{section.1.4}{Linear\040Independence}{chapter.1}% 5
\BOOKMARK [1][-]{section.1.5}{Bases\040and\040Dimension}{chapter.1}% 6
\BOOKMARK [0][-]{chapter.2}{Linear\040Transformations\040and\040Matrices}{}% 7
\BOOKMARK [1][-]{section.2.1}{Linear\040Transformations}{chapter.2}% 8
\BOOKMARK [1][-]{section.2.2}{Matrix\040Representations\040of\040Linear\040Transformations}{chapter.2}% 9
\BOOKMARK [1][-]{section.2.3}{Compositions\040of\040Linear\040Transformations}{chapter.2}% 10
\BOOKMARK [1][-]{section.2.4}{Invertibility\040and\040Isomorphisms}{chapter.2}% 11
\BOOKMARK [1][-]{section.2.5}{The\040Change\040of\040Basis}{chapter.2}% 12
\BOOKMARK [0][-]{chapter.3}{Linear\040Equations}{}% 13
\BOOKMARK [1][-]{section.3.1}{Elementary\040Matrix\040Operations\040and\040Elementary\040Matrices}{chapter.3}% 14
\BOOKMARK [1][-]{section.3.2}{The\040Rank\040and\040Inverse\040of\040a\040Matrix}{chapter.3}% 15
\BOOKMARK [1][-]{section.3.3}{Four\040Fundamental\040Subspaces\040of\040a\040Matrix}{chapter.3}% 16
\BOOKMARK [1][-]{section.3.4}{Systems\040of\040Linear\040Equations}{chapter.3}% 17
\BOOKMARK [0][-]{chapter.4}{Determinants}{}% 18
\BOOKMARK [1][-]{section.4.1}{Determinants}{chapter.4}% 19
\BOOKMARK [1][-]{section.4.2}{Properties\040of\040Determinants}{chapter.4}% 20
\BOOKMARK [0][-]{chapter.5}{Polynomials}{}% 21
\BOOKMARK [1][-]{section.5.1}{Algebras}{chapter.5}% 22
\BOOKMARK [1][-]{section.5.2}{Algebra\040of\040Polynomials}{chapter.5}% 23
\BOOKMARK [1][-]{section.5.3}{Lagrange\040Interpolation}{chapter.5}% 24
\BOOKMARK [1][-]{section.5.4}{Polynomial\040Ideals}{chapter.5}% 25
\BOOKMARK [0][-]{chapter.6}{Diagonalization}{}% 26
\BOOKMARK [1][-]{section.6.1}{Eigenvectors\040and\040Eigenvalues}{chapter.6}% 27
\BOOKMARK [1][-]{section.6.2}{Diagonalization}{chapter.6}% 28
\BOOKMARK [0][-]{chapter.7}{Elementary\040Canonical\040Forms}{}% 29
\BOOKMARK [1][-]{section.7.1}{Eigenvalues}{chapter.7}% 30
\BOOKMARK [1][-]{section.7.2}{Annihilating\040Polynomials}{chapter.7}% 31
\BOOKMARK [1][-]{section.7.3}{Triangulation\040and\040Diagonalization}{chapter.7}% 32
\BOOKMARK [1][-]{section.7.4}{Direct\040Sum\040Decompositions}{chapter.7}% 33
\BOOKMARK [1][-]{section.7.5}{Invariant\040Direct\040Sum}{chapter.7}% 34
\BOOKMARK [1][-]{section.7.6}{Primary\040Decomposition\040Theorem}{chapter.7}% 35
\BOOKMARK [0][-]{chapter.8}{The\040Rational\040and\040Jordan\040Form}{}% 36
\BOOKMARK [1][-]{section.8.1}{Cyclic\040Subspaces\040and\040Annihilators}{chapter.8}% 37
\BOOKMARK [1][-]{section.8.2}{Cyclic\040Decomposition\040and\040the\040Rational\040Form}{chapter.8}% 38
\BOOKMARK [1][-]{section.8.3}{Jordan\040Form}{chapter.8}% 39
\BOOKMARK [0][-]{chapter.9}{Bilinear\040Forms}{}% 40
\BOOKMARK [1][-]{section.9.1}{Bilinear\040Forms}{chapter.9}% 41
\BOOKMARK [1][-]{section.9.2}{Symmetric\040Bilienar\040Form}{chapter.9}% 42
\BOOKMARK [1][-]{section.9.3}{Skew-Symmetric\040Bilinear\040Form}{chapter.9}% 43
\BOOKMARK [1][-]{section.9.4}{Groups\040Preserving\040Bilnear\040Forms}{chapter.9}% 44
\BOOKMARK [0][-]{chapter.10}{Inner\040Product\040Spaces}{}% 45
\BOOKMARK [1][-]{section.10.1}{Inner\040Products}{chapter.10}% 46
\BOOKMARK [1][-]{section.10.2}{Inner\040Product\040Spaces}{chapter.10}% 47
\BOOKMARK [1][-]{section.10.3}{Linear\040Functionals\040and\040Adjoints}{chapter.10}% 48
\BOOKMARK [1][-]{section.10.4}{Unitary\040Operators}{chapter.10}% 49
\BOOKMARK [1][-]{section.10.5}{Normal\040Operators}{chapter.10}% 50
\BOOKMARK [1][-]{section.10.6}{Spectral\040Theory}{chapter.10}% 51
