\BOOKMARK [0][-]{chapter.1}{Vector\040Spaces}{}% 1
\BOOKMARK [1][-]{section.1.1}{Vector\040Spaces}{chapter.1}% 2
\BOOKMARK [1][-]{section.1.2}{Subspaces}{chapter.1}% 3
\BOOKMARK [1][-]{section.1.3}{Linear\040Combinations\040and\040Span}{chapter.1}% 4
\BOOKMARK [1][-]{section.1.4}{Linear\040Independence}{chapter.1}% 5
\BOOKMARK [1][-]{section.1.5}{Bases\040and\040Dimension}{chapter.1}% 6
\BOOKMARK [0][-]{chapter.2}{Linear\040Transformations\040and\040Matrices}{}% 7
\BOOKMARK [1][-]{section.2.1}{Linear\040Transformations}{chapter.2}% 8
\BOOKMARK [1][-]{section.2.2}{Matrix\040Representations\040of\040Linear\040Transformations}{chapter.2}% 9
\BOOKMARK [1][-]{section.2.3}{Compositions\040of\040Linear\040Transformations}{chapter.2}% 10
\BOOKMARK [1][-]{section.2.4}{Invertibility\040and\040Isomorphisms}{chapter.2}% 11
\BOOKMARK [1][-]{section.2.5}{The\040Change\040of\040Basis}{chapter.2}% 12
\BOOKMARK [0][-]{chapter.3}{Linear\040Equations}{}% 13
\BOOKMARK [1][-]{section.3.1}{Elementary\040Matrix\040Operations\040and\040Elementary\040Matrices}{chapter.3}% 14
\BOOKMARK [1][-]{section.3.2}{The\040Rank\040and\040Inverse\040of\040a\040Matrix}{chapter.3}% 15
\BOOKMARK [1][-]{section.3.3}{Four\040Fundamental\040Subspaces\040of\040a\040Matrix}{chapter.3}% 16
\BOOKMARK [1][-]{section.3.4}{Systems\040of\040Linear\040Equations}{chapter.3}% 17
\BOOKMARK [0][-]{chapter.4}{Determinants}{}% 18
\BOOKMARK [1][-]{section.4.1}{Determinants}{chapter.4}% 19
\BOOKMARK [1][-]{section.4.2}{Properties\040of\040Determinants}{chapter.4}% 20
\BOOKMARK [0][-]{chapter.5}{Diagonalization}{}% 21
\BOOKMARK [1][-]{section.5.1}{Eigenvectors\040and\040Eigenvalues}{chapter.5}% 22
\BOOKMARK [1][-]{section.5.2}{Diagonalization}{chapter.5}% 23
